Started GET "/" for 127.0.0.1 at 2023-01-09 09:00:37 +0000
  [1m[35m (7.4ms)[0m  [1m[34mSELECT sqlite_version(*)[0m
Processing by Rails::WelcomeController#index as HTML
  Rendering /usr/local/bundle/ruby/3.1.0/gems/railties-7.0.3/lib/rails/templates/rails/welcome/index.html.erb
  Rendered /usr/local/bundle/ruby/3.1.0/gems/railties-7.0.3/lib/rails/templates/rails/welcome/index.html.erb (Duration: 8.9ms | Allocations: 647)
Completed 200 OK in 92ms (Views: 34.8ms | ActiveRecord: 0.0ms | Allocations: 5033)


Started GET "/static_pages/home" for 127.0.0.1 at 2023-01-09 09:00:52 +0000
Processing by StaticPagesController#home as HTML
  Rendering layout layouts/application.html.erb
  Rendering static_pages/home.html.erb within layouts/application
  Rendered static_pages/home.html.erb within layouts/application (Duration: 1.8ms | Allocations: 150)
  Rendered layout layouts/application.html.erb (Duration: 464.0ms | Allocations: 74264)
Completed 200 OK in 472ms (Views: 468.6ms | ActiveRecord: 0.0ms | Allocations: 75308)


Started GET "/static_pages/home" for 127.0.0.1 at 2023-01-09 09:02:31 +0000
Processing by StaticPagesController#home as HTML
  Rendering layout layouts/application.html.erb
  Rendering static_pages/home.html.erb within layouts/application
  Rendered static_pages/home.html.erb within layouts/application (Duration: 1.8ms | Allocations: 155)
  Rendered layout layouts/application.html.erb (Duration: 23.4ms | Allocations: 1857)
Completed 200 OK in 32ms (Views: 28.3ms | ActiveRecord: 0.0ms | Allocations: 2702)


  [1m[35m (2.3ms)[0m  [1m[34mSELECT sqlite_version(*)[0m
  [1m[35m (7.2ms)[0m  [1m[35mCREATE TABLE "schema_migrations" ("version" varchar NOT NULL PRIMARY KEY)[0m
  [1m[35m (5.7ms)[0m  [1m[35mCREATE TABLE "ar_internal_metadata" ("key" varchar NOT NULL PRIMARY KEY, "value" varchar, "created_at" datetime(6) NOT NULL, "updated_at" datetime(6) NOT NULL)[0m
  [1m[36mActiveRecord::InternalMetadata Load (0.7ms)[0m  [1m[34mSELECT "ar_internal_metadata".* FROM "ar_internal_metadata" WHERE "ar_internal_metadata"."key" = ? LIMIT ?[0m  [["key", "environment"], ["LIMIT", 1]]
  [1m[36mTRANSACTION (0.0ms)[0m  [1m[36mbegin transaction[0m
  [1m[36mActiveRecord::InternalMetadata Create (2.3ms)[0m  [1m[32mINSERT INTO "ar_internal_metadata" ("key", "value", "created_at", "updated_at") VALUES (?, ?, ?, ?)[0m  [["key", "environment"], ["value", "development"], ["created_at", "2023-01-09 09:03:37.860041"], ["updated_at", "2023-01-09 09:03:37.860041"]]
  [1m[36mTRANSACTION (4.1ms)[0m  [1m[36mcommit transaction[0m
  [1m[35m (0.0ms)[0m  [1m[34mSELECT sqlite_version(*)[0m
  [1m[36mActiveRecord::SchemaMigration Pluck (0.8ms)[0m  [1m[34mSELECT "schema_migrations"."version" FROM "schema_migrations" ORDER BY "schema_migrations"."version" ASC[0m
Started GET "/static_pages/home" for 127.0.0.1 at 2023-01-09 09:16:20 +0000
Processing by StaticPagesController#home as HTML
  Rendering layout layouts/application.html.erb
  Rendering static_pages/home.html.erb within layouts/application
  Rendered static_pages/home.html.erb within layouts/application (Duration: 2.2ms | Allocations: 181)
  Rendered layout layouts/application.html.erb (Duration: 21.4ms | Allocations: 1899)
Completed 200 OK in 29ms (Views: 26.2ms | Allocations: 2852)


Started GET "/s" for 127.0.0.1 at 2023-01-09 09:16:23 +0000
  
ActionController::RoutingError (No route matches [GET] "/s"):
  
Started GET "/" for 127.0.0.1 at 2023-01-09 09:16:25 +0000
Processing by StaticPagesController#home as HTML
  Rendering layout layouts/application.html.erb
  Rendering static_pages/home.html.erb within layouts/application
  Rendered static_pages/home.html.erb within layouts/application (Duration: 0.1ms | Allocations: 22)
  Rendered layout layouts/application.html.erb (Duration: 19.5ms | Allocations: 1467)
Completed 200 OK in 21ms (Views: 20.5ms | Allocations: 1758)


